e:\bsit\laboratornaya_1\client\client\debug\vc142.pdb
e:\bsit\laboratornaya_1\client\client\debug\vc142.idb
e:\bsit\laboratornaya_1\client\client\debug\client.obj
e:\bsit\laboratornaya_1\client\client\debug\solution_s.obj
e:\bsit\laboratornaya_1\client\client\debug\solution_c.obj
e:\bsit\laboratornaya_1\client\client\debug\client.ilk
e:\bsit\laboratornaya_1\client\debug\client.exe
e:\bsit\laboratornaya_1\client\debug\client.pdb
e:\bsit\laboratornaya_1\client\client\solution_c.c
e:\bsit\laboratornaya_1\client\client\solution_s.c
e:\bsit\laboratornaya_1\client\client\solution_h.h
e:\bsit\laboratornaya_1\client\client\debug\client.tlog\cl.command.1.tlog
e:\bsit\laboratornaya_1\client\client\debug\client.tlog\cl.read.1.tlog
e:\bsit\laboratornaya_1\client\client\debug\client.tlog\cl.write.1.tlog
e:\bsit\laboratornaya_1\client\client\debug\client.tlog\link.command.1.tlog
e:\bsit\laboratornaya_1\client\client\debug\client.tlog\link.read.1.tlog
e:\bsit\laboratornaya_1\client\client\debug\client.tlog\link.write.1.tlog
e:\bsit\laboratornaya_1\client\client\debug\client.tlog\midl.command.1.tlog
e:\bsit\laboratornaya_1\client\client\debug\client.tlog\midl.read.1.tlog
e:\bsit\laboratornaya_1\client\client\debug\client.tlog\midl.write.1.tlog
